* using log directory 'C:/Users/andre/Documents/iris/iris.Rcheck'
* using R version 4.2.0 (2022-04-22 ucrt)
* using platform: x86_64-w64-mingw32 (64-bit)
* using session charset: UTF-8
* using option '--as-cran'
* checking for file 'iris/DESCRIPTION' ... OK
* this is package 'iris' version '0.1.0'
* package encoding: UTF-8
* checking CRAN incoming feasibility ... NOTE
Maintainer: 'Andrew Simmons <akwsimmo@gmail.com>'

New submission
* checking package namespace information ... OK
* checking package dependencies ... OK
* checking if this is a source package ... OK
* checking if there is a namespace ... OK
* checking for executable files ... OK
* checking for hidden files and directories ... OK
* checking for portable file names ... OK
* checking serialization versions ... OK
* checking whether package 'iris' can be installed ... OK
* checking installed package size ... OK
* checking package directory ... OK
* checking for future file timestamps ... OK
* checking DESCRIPTION meta-information ... OK
* checking top-level files ... OK
* checking for left-over files ... OK
* checking index information ... OK
* checking package subdirectories ... OK
* checking R files for non-ASCII characters ... OK
* checking R files for syntax errors ... OK
* checking whether the package can be loaded ... OK
* checking whether the package can be loaded with stated dependencies ... OK
* checking whether the package can be unloaded cleanly ... OK
* checking whether the namespace can be loaded with stated dependencies ... OK
* checking whether the namespace can be unloaded cleanly ... OK
* checking loading without being on the library search path ... OK
* checking use of S3 registration ... OK
* checking dependencies in R code ... OK
* checking S3 generic/method consistency ... OK
* checking replacement functions ... OK
* checking foreign function calls ... OK
* checking R code for possible problems ... OK
* checking Rd files ... OK
* checking Rd metadata ... OK
* checking Rd line widths ... OK
* checking Rd cross-references ... WARNING
Missing link or links in documentation object 'member.Rd':
  'setIrisClass'

See section 'Cross-references' in the 'Writing R Extensions' manual.
* checking for missing documentation entries ... WARNING
Undocumented code objects:
  'setIrisClass'
Undocumented S4 classes:
  'iris::object' 'iris::FieldDef' 'iris::MethodDef' 'iris::PropertyDef'
  'iris::class'
Undocumented S4 methods:
  generic 'initialize' and siglist 'iris::FieldDef'
  generic 'initialize' and siglist 'iris::MethodDef'
  generic 'initialize' and siglist 'iris::class'
  generic 'initialize' and siglist 'iris::method'
  generic 'initialize' and siglist 'iris::object'
  generic 'show' and siglist 'iris::FieldDef'
  generic 'show' and siglist 'iris::MethodDef'
  generic 'show' and siglist 'iris::class'
  generic 'show' and siglist 'iris::method'
  generic 'show' and siglist 'iris::object'
All user-level objects in a package (including S4 classes and methods)
should have documentation entries.
See chapter 'Writing R documentation files' in the 'Writing R
Extensions' manual.
* checking for code/documentation mismatches ... OK
* checking Rd \usage sections ... OK
* checking Rd contents ... OK
* checking for unstated dependencies in examples ... OK
* checking examples ... NONE
* checking PDF version of manual ... OK
* checking for code which exercises the package ... WARNING
No examples, no tests, no vignettes
* checking for non-standard things in the check directory ... OK
* checking for detritus in the temp directory ... OK
* DONE
Status: 3 WARNINGs, 1 NOTE
